<?xml version="1.0" encoding="UTF-8"?>
<!-- Generated by org.testng.reporters.JUnitReportReporter -->
<testsuite hostname="DESKTOP-V73OPUB" failures="0" tests="1" name="com.example.searchadd.SearchAdd" time="41.797" errors="0" timestamp="2022-10-03T22:50:49 IST" skipped="0">
  <testcase classname="com.example.searchadd.SearchAdd" name="f" time="41.797"/>
  <system-out/>
</testsuite> <!-- com.example.searchadd.SearchAdd -->
